<?xml version="1.0" encoding="UTF-8"?>
<!-- Generated by org.testng.reporters.JUnitReportReporter -->
<testsuite hostname="Dreammoon" name="assertionsExamples.TestNGAsserts" tests="1" failures="0" timestamp="29 Aug 2018 00:32:14 GMT" time="13.752" errors="0">
  <testcase name="testNGAsserts" time="13.752" classname="assertionsExamples.TestNGAsserts"/>
</testsuite> <!-- assertionsExamples.TestNGAsserts -->
