<?xml version="1.0" encoding="UTF-8"?>
<!-- Generated by org.testng.reporters.JUnitReportReporter -->
<testsuite hostname="Dreammoon" name="assertionsExamples.TestNGAsserts" tests="1" failures="0" timestamp="20 Aug 2018 19:52:00 GMT" time="9.734" errors="0">
  <testcase name="testNGAsserts" time="9.734" classname="assertionsExamples.TestNGAsserts"/>
</testsuite> <!-- assertionsExamples.TestNGAsserts -->
